1091606044130964290709421805744874407456424361648246580403103163879158645449
1117323204707278038746607104443264312382335670739376444574015140549422687017
12086712592770360610293074754621379961353178991109768998231224656401733819070
13704958182703833396310472864804210009300858616496121280624776719347645650044
20300180520364683189177733578828770317890454760646595360233582785622169304701
24246285941198921589275734191459678684208066812530206418397908872618567000026
26859333991700170845417514379484813454338150121537321038026472883303553435590
27688985176021420895514086577361943214189139461525412317944269152494906026324
30590111520963535870422746453666311143064151379841786969992159866754441209676
37532723122456198249013425824458848247704496343240310051724905414864695592724
43888578757555557218824281020862943712494334260155399180794678285274588431375
45206788539934239559302201164077150789538106988059972339237089942407975505410
46918467267746375445798314787852773966559620649993775144924375492438392911259
48238081599645654809865518798332462573836836014123165069877073489468358878366
48842544054838047171908125550890027871986021350253432091368763156377099068913
54084104026104212329484603802895394841677754931942571502027306540158128711210
62526733995776611472487503327557222740498734795008180171958371826573392279110
65714511529282123177669155664684645840534818467217347456765291731831391137933
67758059602314157310074742819621438428461153054738151799499534639238254187753
83581660619606693838576219531805259347552328052255172079852289381093251086804
9
9863683407179786044448286830346729087753009722429611490857387968337201099408953796276719237380758540360135892213279765753709413966101599751024712373786622
ecdsa-sha2-nistp256 AAAAE2VjZHNhLXNoYTItbmlzdHAyNTYAAAAIbmlzdHAyNTYAAABBBDEcbhgTChmrPjadIw94Nt+Edx2KldMi+jqkotl99P8ZtNso4gLyPjQnSF2I704mhYHO1lvjLmJngR4rABwFW0w=
