109844425673395030363754439504486002625123729110471424925616974442369664906745
65107537747675166702073097221932963122477831349153181466243814708664806430166
90608290357063801733398405198596315967031679425908760875779558503329287461084
32083903224072856184967448345586833624554442529649161078217411851672257620687
49397302904365202893117275769149205936258314099174824457169982157817455225295
36175476113273453244785947380200353231772965948675478456983382507057329768956
36952601303953555666148047751100408018748531950986484035622328623014531533783
84423820156613511958543746085414201053026895276554086821516701455939003190249
24845190361610257416707414716204324487627351300906411766737539167315628578938
37141771620289354529181100493614163498935491098869782914033872937979439984083
38874798998128198811589314939193751408048388408527903688834077163484135546591
5827495654957827452939458805941581827896137786022828996215624622187831868525
110310344365083282711781172378254013774687032944913336714367970776413495432239
89740753165554304242412007262902169195870603603976387391393732124226022170115
15779285378998503529066853623415845531956244267555393626857349572699519609228
67927307921659152313878653536778379519926386726133214623394810845539068488319
8101948379830201989412048653357137837765997519342993339392718675861046448780
80988918896449262185243239354027337738978301223998600999866404024172960637994
46506737290643281063007408180219232127985626090356374482192153394787600243556
107199111203805511014596182353052421263781491467564761219221638037034673827647
11
4848236278261784773562206131996062355574394135847316206397317308806625693035906277512383551842122326520146754184798322865775158223928192787843425296444181
ecdsa-sha2-nistp256 AAAAE2VjZHNhLXNoYTItbmlzdHAyNTYAAAAIbmlzdHAyNTYAAABBBIUEppY47CPZFw5wwfs+dxVbF0mCcVDA1O0sjSbHVAnlGb/Cm26NmavlFntq2hAkPq4M4m7orRLfN7CZSnN0FpQ=
